[debug] [2025-11-14T13:14:23.248Z] [Firebase Plugin] Activating Firebase extension.
[debug] [2025-11-14T13:14:25.581Z] [Firebase Plugin] requireAuthWrapper
[debug] [2025-11-14T13:14:25.581Z] > command requires scopes: ["email","openid","https://www.googleapis.com/auth/cloudplatformprojects.readonly","https://www.googleapis.com/auth/firebase","https://www.googleapis.com/auth/cloud-platform"]
[debug] [2025-11-14T13:14:25.582Z] > authorizing via signed-in user (drag.markovic@gmail.com)
[debug] [2025-11-14T13:14:25.583Z] Checked if tokens are valid: true, expires at: 1763128583975
[debug] [2025-11-14T13:14:25.584Z] Checked if tokens are valid: true, expires at: 1763128583975
[debug] [2025-11-14T13:14:25.584Z] [Firebase Plugin] User found:  drag.markovic@gmail.com
[info] [Firebase Plugin] (Core:Project) New user detected, fetching projects
[debug] [2025-11-14T13:14:25.584Z] Checked if tokens are valid: true, expires at: 1763128583975
[debug] [2025-11-14T13:14:25.584Z] >>> [apiv2][query] GET https://firebase.googleapis.com/v1beta1/projects pageSize=1000
[info] [Firebase Plugin] Starting Data Connect toolkit (version 2.17.0) on port 50001
[info] i  dataconnect: downloading dataconnect-emulator-2.17.0... {"metadata":{"emulator":{"name":"dataconnect"},"message":"downloading dataconnect-emulator-2.17.0..."}}
[debug] [2025-11-14T13:14:25.866Z] >>> [apiv2][query] GET https://storage.googleapis.com/firemat-preview-drop/emulator/dataconnect-emulator-macos-arm64-v2.17.0 
[debug] [2025-11-14T13:14:26.095Z] <<< [apiv2][status] GET https://storage.googleapis.com/firemat-preview-drop/emulator/dataconnect-emulator-macos-arm64-v2.17.0 200
[debug] [2025-11-14T13:14:26.095Z] <<< [apiv2][body] GET https://storage.googleapis.com/firemat-preview-drop/emulator/dataconnect-emulator-macos-arm64-v2.17.0 [stream]
[debug] [2025-11-14T13:14:26.261Z] <<< [apiv2][status] GET https://firebase.googleapis.com/v1beta1/projects 200
[debug] [2025-11-14T13:14:26.261Z] <<< [apiv2][body] GET https://firebase.googleapis.com/v1beta1/projects [omitted]
[debug] [2025-11-14T13:14:27.966Z] 'fdc build' failed with error: Unable to build your Data Connect schema and connectors (exit code 1): E1114 14:14:27.945827   40000 cmd.go:43] Error loading data connect config: could not find dataconnect.yaml in `/Users/dragan/Documents/credit-castor/dataconnect`
 {"metadata":{"emulator":{"name":"dataconnect"},"message":"'fdc build' failed with error: Unable to build your Data Connect schema and connectors (exit code 1): E1114 14:14:27.945827   40000 cmd.go:43] Error loading data connect config: could not find dataconnect.yaml in `/Users/dragan/Documents/credit-castor/dataconnect`\n"}}
[debug] [2025-11-14T13:14:27.967Z] Ignoring unsupported arg: auto_download {"metadata":{"emulator":{"name":"dataconnect"},"message":"Ignoring unsupported arg: auto_download"}}
[debug] [2025-11-14T13:14:27.967Z] Ignoring unsupported arg: port {"metadata":{"emulator":{"name":"dataconnect"},"message":"Ignoring unsupported arg: port"}}
[debug] [2025-11-14T13:14:27.967Z] Starting Data Connect Emulator with command {"binary":"/Users/dragan/.cache/firebase/emulators/dataconnect-emulator-2.17.0","args":["--logtostderr","-v=2","dev","--listen=localhost:50001","--config_dir=/Users/dragan/Documents/credit-castor/dataconnect","--enable_output_schema_extensions=true","--enable_output_generated_sdk=true"],"optionalArgs":["listen","config_dir","enable_output_schema_extensions","enable_output_generated_sdk"],"joinArgs":true,"shell":false,"port":9399} {"metadata":{"emulator":{"name":"dataconnect"},"message":"Starting Data Connect Emulator with command {\"binary\":\"/Users/dragan/.cache/firebase/emulators/dataconnect-emulator-2.17.0\",\"args\":[\"--logtostderr\",\"-v=2\",\"dev\",\"--listen=localhost:50001\",\"--config_dir=/Users/dragan/Documents/credit-castor/dataconnect\",\"--enable_output_schema_extensions=true\",\"--enable_output_generated_sdk=true\"],\"optionalArgs\":[\"listen\",\"config_dir\",\"enable_output_schema_extensions\",\"enable_output_generated_sdk\"],\"joinArgs\":true,\"shell\":false,\"port\":9399}"}}
[info] i  dataconnect: Data Connect Emulator logging to dataconnect-debug.log {"metadata":{"emulator":{"name":"dataconnect"},"message":"Data Connect Emulator logging to dataconnect-debug.log"}}
[debug] [2025-11-14T13:14:27.987Z] E1114 14:14:27.987106   40001 dev.go:82] Failed to load initial config from "/Users/dragan/Documents/credit-castor/dataconnect": could not find dataconnect.yaml in `/Users/dragan/Documents/credit-castor/dataconnect`
 {"metadata":{"emulator":{"name":"dataconnect"},"message":"E1114 14:14:27.987106   40001 dev.go:82] Failed to load initial config from \"/Users/dragan/Documents/credit-castor/dataconnect\": could not find dataconnect.yaml in `/Users/dragan/Documents/credit-castor/dataconnect`\n"}}
[debug] [2025-11-14T13:14:27.987Z] E1114 14:14:27.987533   40001 watch.go:102] watchAllDir unable to walk dir `/Users/dragan/Documents/credit-castor/dataconnect`: lstat /Users/dragan/Documents/credit-castor/dataconnect: no such file or directory
 {"metadata":{"emulator":{"name":"dataconnect"},"message":"E1114 14:14:27.987533   40001 watch.go:102] watchAllDir unable to walk dir `/Users/dragan/Documents/credit-castor/dataconnect`: lstat /Users/dragan/Documents/credit-castor/dataconnect: no such file or directory\n"}}
[debug] [2025-11-14T13:14:27.988Z] I1114 14:14:27.988904   40001 dev.go:105] Listening on address (HTTP + gRPC): 127.0.0.1:50001
 {"metadata":{"emulator":{"name":"dataconnect"},"message":"I1114 14:14:27.988904   40001 dev.go:105] Listening on address (HTTP + gRPC): 127.0.0.1:50001\n"}}
[error] [Firebase Plugin] error:  {}
[debug] [2025-11-14T13:14:37.989Z] E1114 14:14:37.989016   40001 watch.go:31] Failed to load config from "/Users/dragan/Documents/credit-castor/dataconnect": could not find dataconnect.yaml in `/Users/dragan/Documents/credit-castor/dataconnect`
 {"metadata":{"emulator":{"name":"dataconnect"},"message":"E1114 14:14:37.989016   40001 watch.go:31] Failed to load config from \"/Users/dragan/Documents/credit-castor/dataconnect\": could not find dataconnect.yaml in `/Users/dragan/Documents/credit-castor/dataconnect`\n"}}
[debug] [2025-11-14T13:14:47.989Z] E1114 14:14:47.989000   40001 watch.go:31] Failed to load config from "/Users/dragan/Documents/credit-castor/dataconnect": could not find dataconnect.yaml in `/Users/dragan/Documents/credit-castor/dataconnect`
 {"metadata":{"emulator":{"name":"dataconnect"},"message":"E1114 14:14:47.989000   40001 watch.go:31] Failed to load config from \"/Users/dragan/Documents/credit-castor/dataconnect\": could not find dataconnect.yaml in `/Users/dragan/Documents/credit-castor/dataconnect`\n"}}
[debug] [2025-11-14T13:14:57.989Z] E1114 14:14:57.988732   40001 watch.go:31] Failed to load config from "/Users/dragan/Documents/credit-castor/dataconnect": could not find dataconnect.yaml in `/Users/dragan/Documents/credit-castor/dataconnect`
 {"metadata":{"emulator":{"name":"dataconnect"},"message":"E1114 14:14:57.988732   40001 watch.go:31] Failed to load config from \"/Users/dragan/Documents/credit-castor/dataconnect\": could not find dataconnect.yaml in `/Users/dragan/Documents/credit-castor/dataconnect`\n"}}
[debug] [2025-11-14T13:15:07.989Z] E1114 14:15:07.989223   40001 watch.go:31] Failed to load config from "/Users/dragan/Documents/credit-castor/dataconnect": could not find dataconnect.yaml in `/Users/dragan/Documents/credit-castor/dataconnect`
 {"metadata":{"emulator":{"name":"dataconnect"},"message":"E1114 14:15:07.989223   40001 watch.go:31] Failed to load config from \"/Users/dragan/Documents/credit-castor/dataconnect\": could not find dataconnect.yaml in `/Users/dragan/Documents/credit-castor/dataconnect`\n"}}
[debug] [2025-11-14T13:15:17.989Z] E1114 14:15:17.989455   40001 watch.go:31] Failed to load config from "/Users/dragan/Documents/credit-castor/dataconnect": could not find dataconnect.yaml in `/Users/dragan/Documents/credit-castor/dataconnect`
 {"metadata":{"emulator":{"name":"dataconnect"},"message":"E1114 14:15:17.989455   40001 watch.go:31] Failed to load config from \"/Users/dragan/Documents/credit-castor/dataconnect\": could not find dataconnect.yaml in `/Users/dragan/Documents/credit-castor/dataconnect`\n"}}
[debug] [2025-11-14T13:15:27.989Z] E1114 14:15:27.988841   40001 watch.go:31] Failed to load config from "/Users/dragan/Documents/credit-castor/dataconnect": could not find dataconnect.yaml in `/Users/dragan/Documents/credit-castor/dataconnect`
 {"metadata":{"emulator":{"name":"dataconnect"},"message":"E1114 14:15:27.988841   40001 watch.go:31] Failed to load config from \"/Users/dragan/Documents/credit-castor/dataconnect\": could not find dataconnect.yaml in `/Users/dragan/Documents/credit-castor/dataconnect`\n"}}
[debug] [2025-11-14T13:15:37.989Z] E1114 14:15:37.988924   40001 watch.go:31] Failed to load config from "/Users/dragan/Documents/credit-castor/dataconnect": could not find dataconnect.yaml in `/Users/dragan/Documents/credit-castor/dataconnect`
 {"metadata":{"emulator":{"name":"dataconnect"},"message":"E1114 14:15:37.988924   40001 watch.go:31] Failed to load config from \"/Users/dragan/Documents/credit-castor/dataconnect\": could not find dataconnect.yaml in `/Users/dragan/Documents/credit-castor/dataconnect`\n"}}
[debug] [2025-11-14T13:15:47.989Z] E1114 14:15:47.989604   40001 watch.go:31] Failed to load config from "/Users/dragan/Documents/credit-castor/dataconnect": could not find dataconnect.yaml in `/Users/dragan/Documents/credit-castor/dataconnect`
 {"metadata":{"emulator":{"name":"dataconnect"},"message":"E1114 14:15:47.989604   40001 watch.go:31] Failed to load config from \"/Users/dragan/Documents/credit-castor/dataconnect\": could not find dataconnect.yaml in `/Users/dragan/Documents/credit-castor/dataconnect`\n"}}
[debug] [2025-11-14T13:15:57.989Z] E1114 14:15:57.989044   40001 watch.go:31] Failed to load config from "/Users/dragan/Documents/credit-castor/dataconnect": could not find dataconnect.yaml in `/Users/dragan/Documents/credit-castor/dataconnect`
 {"metadata":{"emulator":{"name":"dataconnect"},"message":"E1114 14:15:57.989044   40001 watch.go:31] Failed to load config from \"/Users/dragan/Documents/credit-castor/dataconnect\": could not find dataconnect.yaml in `/Users/dragan/Documents/credit-castor/dataconnect`\n"}}
[debug] [2025-11-14T13:16:07.989Z] E1114 14:16:07.989023   40001 watch.go:31] Failed to load config from "/Users/dragan/Documents/credit-castor/dataconnect": could not find dataconnect.yaml in `/Users/dragan/Documents/credit-castor/dataconnect`
 {"metadata":{"emulator":{"name":"dataconnect"},"message":"E1114 14:16:07.989023   40001 watch.go:31] Failed to load config from \"/Users/dragan/Documents/credit-castor/dataconnect\": could not find dataconnect.yaml in `/Users/dragan/Documents/credit-castor/dataconnect`\n"}}
[debug] [2025-11-14T13:16:17.990Z] E1114 14:16:17.989985   40001 watch.go:31] Failed to load config from "/Users/dragan/Documents/credit-castor/dataconnect": could not find dataconnect.yaml in `/Users/dragan/Documents/credit-castor/dataconnect`
 {"metadata":{"emulator":{"name":"dataconnect"},"message":"E1114 14:16:17.989985   40001 watch.go:31] Failed to load config from \"/Users/dragan/Documents/credit-castor/dataconnect\": could not find dataconnect.yaml in `/Users/dragan/Documents/credit-castor/dataconnect`\n"}}
[debug] [2025-11-14T13:16:27.989Z] E1114 14:16:27.989493   40001 watch.go:31] Failed to load config from "/Users/dragan/Documents/credit-castor/dataconnect": could not find dataconnect.yaml in `/Users/dragan/Documents/credit-castor/dataconnect`
E1114 14:16:27.989538   40001 watch.go:102] watchAllDir unable to walk dir `/Users/dragan/Documents/credit-castor/dataconnect`: lstat /Users/dragan/Documents/credit-castor/dataconnect: no such file or directory
 {"metadata":{"emulator":{"name":"dataconnect"},"message":"E1114 14:16:27.989493   40001 watch.go:31] Failed to load config from \"/Users/dragan/Documents/credit-castor/dataconnect\": could not find dataconnect.yaml in `/Users/dragan/Documents/credit-castor/dataconnect`\nE1114 14:16:27.989538   40001 watch.go:102] watchAllDir unable to walk dir `/Users/dragan/Documents/credit-castor/dataconnect`: lstat /Users/dragan/Documents/credit-castor/dataconnect: no such file or directory\n"}}
[debug] [2025-11-14T13:16:37.990Z] E1114 14:16:37.990041   40001 watch.go:31] Failed to load config from "/Users/dragan/Documents/credit-castor/dataconnect": could not find dataconnect.yaml in `/Users/dragan/Documents/credit-castor/dataconnect`
 {"metadata":{"emulator":{"name":"dataconnect"},"message":"E1114 14:16:37.990041   40001 watch.go:31] Failed to load config from \"/Users/dragan/Documents/credit-castor/dataconnect\": could not find dataconnect.yaml in `/Users/dragan/Documents/credit-castor/dataconnect`\n"}}
[debug] [2025-11-14T13:16:47.990Z] E1114 14:16:47.990138   40001 watch.go:31] Failed to load config from "/Users/dragan/Documents/credit-castor/dataconnect": could not find dataconnect.yaml in `/Users/dragan/Documents/credit-castor/dataconnect`
 {"metadata":{"emulator":{"name":"dataconnect"},"message":"E1114 14:16:47.990138   40001 watch.go:31] Failed to load config from \"/Users/dragan/Documents/credit-castor/dataconnect\": could not find dataconnect.yaml in `/Users/dragan/Documents/credit-castor/dataconnect`\n"}}
[debug] [2025-11-14T13:16:57.989Z] E1114 14:16:57.989468   40001 watch.go:31] Failed to load config from "/Users/dragan/Documents/credit-castor/dataconnect": could not find dataconnect.yaml in `/Users/dragan/Documents/credit-castor/dataconnect`
 {"metadata":{"emulator":{"name":"dataconnect"},"message":"E1114 14:16:57.989468   40001 watch.go:31] Failed to load config from \"/Users/dragan/Documents/credit-castor/dataconnect\": could not find dataconnect.yaml in `/Users/dragan/Documents/credit-castor/dataconnect`\n"}}
[debug] [2025-11-14T13:17:07.990Z] E1114 14:17:07.990290   40001 watch.go:31] Failed to load config from "/Users/dragan/Documents/credit-castor/dataconnect": could not find dataconnect.yaml in `/Users/dragan/Documents/credit-castor/dataconnect`
 {"metadata":{"emulator":{"name":"dataconnect"},"message":"E1114 14:17:07.990290   40001 watch.go:31] Failed to load config from \"/Users/dragan/Documents/credit-castor/dataconnect\": could not find dataconnect.yaml in `/Users/dragan/Documents/credit-castor/dataconnect`\n"}}
[debug] [2025-11-14T13:17:17.990Z] E1114 14:17:17.990575   40001 watch.go:31] Failed to load config from "/Users/dragan/Documents/credit-castor/dataconnect": could not find dataconnect.yaml in `/Users/dragan/Documents/credit-castor/dataconnect`
 {"metadata":{"emulator":{"name":"dataconnect"},"message":"E1114 14:17:17.990575   40001 watch.go:31] Failed to load config from \"/Users/dragan/Documents/credit-castor/dataconnect\": could not find dataconnect.yaml in `/Users/dragan/Documents/credit-castor/dataconnect`\n"}}
[debug] [2025-11-14T13:17:27.989Z] E1114 14:17:27.989734   40001 watch.go:31] Failed to load config from "/Users/dragan/Documents/credit-castor/dataconnect": could not find dataconnect.yaml in `/Users/dragan/Documents/credit-castor/dataconnect`
 {"metadata":{"emulator":{"name":"dataconnect"},"message":"E1114 14:17:27.989734   40001 watch.go:31] Failed to load config from \"/Users/dragan/Documents/credit-castor/dataconnect\": could not find dataconnect.yaml in `/Users/dragan/Documents/credit-castor/dataconnect`\n"}}
[debug] [2025-11-14T13:17:37.990Z] E1114 14:17:37.990301   40001 watch.go:31] Failed to load config from "/Users/dragan/Documents/credit-castor/dataconnect": could not find dataconnect.yaml in `/Users/dragan/Documents/credit-castor/dataconnect`
 {"metadata":{"emulator":{"name":"dataconnect"},"message":"E1114 14:17:37.990301   40001 watch.go:31] Failed to load config from \"/Users/dragan/Documents/credit-castor/dataconnect\": could not find dataconnect.yaml in `/Users/dragan/Documents/credit-castor/dataconnect`\n"}}
[debug] [2025-11-14T13:17:47.990Z] E1114 14:17:47.990746   40001 watch.go:31] Failed to load config from "/Users/dragan/Documents/credit-castor/dataconnect": could not find dataconnect.yaml in `/Users/dragan/Documents/credit-castor/dataconnect`
 {"metadata":{"emulator":{"name":"dataconnect"},"message":"E1114 14:17:47.990746   40001 watch.go:31] Failed to load config from \"/Users/dragan/Documents/credit-castor/dataconnect\": could not find dataconnect.yaml in `/Users/dragan/Documents/credit-castor/dataconnect`\n"}}
[debug] [2025-11-14T13:17:57.990Z] E1114 14:17:57.990511   40001 watch.go:31] Failed to load config from "/Users/dragan/Documents/credit-castor/dataconnect": could not find dataconnect.yaml in `/Users/dragan/Documents/credit-castor/dataconnect`
 {"metadata":{"emulator":{"name":"dataconnect"},"message":"E1114 14:17:57.990511   40001 watch.go:31] Failed to load config from \"/Users/dragan/Documents/credit-castor/dataconnect\": could not find dataconnect.yaml in `/Users/dragan/Documents/credit-castor/dataconnect`\n"}}
[debug] [2025-11-14T13:18:07.991Z] E1114 14:18:07.990923   40001 watch.go:31] Failed to load config from "/Users/dragan/Documents/credit-castor/dataconnect": could not find dataconnect.yaml in `/Users/dragan/Documents/credit-castor/dataconnect`
 {"metadata":{"emulator":{"name":"dataconnect"},"message":"E1114 14:18:07.990923   40001 watch.go:31] Failed to load config from \"/Users/dragan/Documents/credit-castor/dataconnect\": could not find dataconnect.yaml in `/Users/dragan/Documents/credit-castor/dataconnect`\n"}}
[debug] [2025-11-14T13:18:17.991Z] E1114 14:18:17.990925   40001 watch.go:31] Failed to load config from "/Users/dragan/Documents/credit-castor/dataconnect": could not find dataconnect.yaml in `/Users/dragan/Documents/credit-castor/dataconnect`
 {"metadata":{"emulator":{"name":"dataconnect"},"message":"E1114 14:18:17.990925   40001 watch.go:31] Failed to load config from \"/Users/dragan/Documents/credit-castor/dataconnect\": could not find dataconnect.yaml in `/Users/dragan/Documents/credit-castor/dataconnect`\n"}}
[debug] [2025-11-14T13:18:27.991Z] E1114 14:18:27.990771   40001 watch.go:31] Failed to load config from "/Users/dragan/Documents/credit-castor/dataconnect": could not find dataconnect.yaml in `/Users/dragan/Documents/credit-castor/dataconnect`
E1114 14:18:27.990851   40001 watch.go:102] watchAllDir unable to walk dir `/Users/dragan/Documents/credit-castor/dataconnect`: lstat /Users/dragan/Documents/credit-castor/dataconnect: no such file or directory
 {"metadata":{"emulator":{"name":"dataconnect"},"message":"E1114 14:18:27.990771   40001 watch.go:31] Failed to load config from \"/Users/dragan/Documents/credit-castor/dataconnect\": could not find dataconnect.yaml in `/Users/dragan/Documents/credit-castor/dataconnect`\nE1114 14:18:27.990851   40001 watch.go:102] watchAllDir unable to walk dir `/Users/dragan/Documents/credit-castor/dataconnect`: lstat /Users/dragan/Documents/credit-castor/dataconnect: no such file or directory\n"}}
[debug] [2025-11-14T13:18:37.991Z] E1114 14:18:37.991248   40001 watch.go:31] Failed to load config from "/Users/dragan/Documents/credit-castor/dataconnect": could not find dataconnect.yaml in `/Users/dragan/Documents/credit-castor/dataconnect`
 {"metadata":{"emulator":{"name":"dataconnect"},"message":"E1114 14:18:37.991248   40001 watch.go:31] Failed to load config from \"/Users/dragan/Documents/credit-castor/dataconnect\": could not find dataconnect.yaml in `/Users/dragan/Documents/credit-castor/dataconnect`\n"}}
[debug] [2025-11-14T13:18:47.992Z] E1114 14:18:47.991923   40001 watch.go:31] Failed to load config from "/Users/dragan/Documents/credit-castor/dataconnect": could not find dataconnect.yaml in `/Users/dragan/Documents/credit-castor/dataconnect`
 {"metadata":{"emulator":{"name":"dataconnect"},"message":"E1114 14:18:47.991923   40001 watch.go:31] Failed to load config from \"/Users/dragan/Documents/credit-castor/dataconnect\": could not find dataconnect.yaml in `/Users/dragan/Documents/credit-castor/dataconnect`\n"}}
[debug] [2025-11-14T13:18:57.991Z] E1114 14:18:57.991017   40001 watch.go:31] Failed to load config from "/Users/dragan/Documents/credit-castor/dataconnect": could not find dataconnect.yaml in `/Users/dragan/Documents/credit-castor/dataconnect`
 {"metadata":{"emulator":{"name":"dataconnect"},"message":"E1114 14:18:57.991017   40001 watch.go:31] Failed to load config from \"/Users/dragan/Documents/credit-castor/dataconnect\": could not find dataconnect.yaml in `/Users/dragan/Documents/credit-castor/dataconnect`\n"}}
[debug] [2025-11-14T13:19:07.991Z] E1114 14:19:07.991525   40001 watch.go:31] Failed to load config from "/Users/dragan/Documents/credit-castor/dataconnect": could not find dataconnect.yaml in `/Users/dragan/Documents/credit-castor/dataconnect`
 {"metadata":{"emulator":{"name":"dataconnect"},"message":"E1114 14:19:07.991525   40001 watch.go:31] Failed to load config from \"/Users/dragan/Documents/credit-castor/dataconnect\": could not find dataconnect.yaml in `/Users/dragan/Documents/credit-castor/dataconnect`\n"}}
[debug] [2025-11-14T13:19:17.991Z] E1114 14:19:17.991532   40001 watch.go:31] Failed to load config from "/Users/dragan/Documents/credit-castor/dataconnect": could not find dataconnect.yaml in `/Users/dragan/Documents/credit-castor/dataconnect`
 {"metadata":{"emulator":{"name":"dataconnect"},"message":"E1114 14:19:17.991532   40001 watch.go:31] Failed to load config from \"/Users/dragan/Documents/credit-castor/dataconnect\": could not find dataconnect.yaml in `/Users/dragan/Documents/credit-castor/dataconnect`\n"}}
[debug] [2025-11-14T13:19:27.991Z] E1114 14:19:27.991178   40001 watch.go:31] Failed to load config from "/Users/dragan/Documents/credit-castor/dataconnect": could not find dataconnect.yaml in `/Users/dragan/Documents/credit-castor/dataconnect`
 {"metadata":{"emulator":{"name":"dataconnect"},"message":"E1114 14:19:27.991178   40001 watch.go:31] Failed to load config from \"/Users/dragan/Documents/credit-castor/dataconnect\": could not find dataconnect.yaml in `/Users/dragan/Documents/credit-castor/dataconnect`\n"}}
[debug] [2025-11-14T13:19:37.992Z] E1114 14:19:37.991825   40001 watch.go:31] Failed to load config from "/Users/dragan/Documents/credit-castor/dataconnect": could not find dataconnect.yaml in `/Users/dragan/Documents/credit-castor/dataconnect`
 {"metadata":{"emulator":{"name":"dataconnect"},"message":"E1114 14:19:37.991825   40001 watch.go:31] Failed to load config from \"/Users/dragan/Documents/credit-castor/dataconnect\": could not find dataconnect.yaml in `/Users/dragan/Documents/credit-castor/dataconnect`\n"}}
[debug] [2025-11-14T13:19:48.018Z] E1114 14:19:47.990804   40001 watch.go:31] Failed to load config from "/Users/dragan/Documents/credit-castor/dataconnect": could not find dataconnect.yaml in `/Users/dragan/Documents/credit-castor/dataconnect`
 {"metadata":{"emulator":{"name":"dataconnect"},"message":"E1114 14:19:47.990804   40001 watch.go:31] Failed to load config from \"/Users/dragan/Documents/credit-castor/dataconnect\": could not find dataconnect.yaml in `/Users/dragan/Documents/credit-castor/dataconnect`\n"}}
[debug] [2025-11-14T13:19:57.991Z] E1114 14:19:57.991560   40001 watch.go:31] Failed to load config from "/Users/dragan/Documents/credit-castor/dataconnect": could not find dataconnect.yaml in `/Users/dragan/Documents/credit-castor/dataconnect`
 {"metadata":{"emulator":{"name":"dataconnect"},"message":"E1114 14:19:57.991560   40001 watch.go:31] Failed to load config from \"/Users/dragan/Documents/credit-castor/dataconnect\": could not find dataconnect.yaml in `/Users/dragan/Documents/credit-castor/dataconnect`\n"}}
[debug] [2025-11-14T13:20:07.992Z] E1114 14:20:07.991988   40001 watch.go:31] Failed to load config from "/Users/dragan/Documents/credit-castor/dataconnect": could not find dataconnect.yaml in `/Users/dragan/Documents/credit-castor/dataconnect`
 {"metadata":{"emulator":{"name":"dataconnect"},"message":"E1114 14:20:07.991988   40001 watch.go:31] Failed to load config from \"/Users/dragan/Documents/credit-castor/dataconnect\": could not find dataconnect.yaml in `/Users/dragan/Documents/credit-castor/dataconnect`\n"}}
[debug] [2025-11-14T13:20:17.992Z] E1114 14:20:17.992155   40001 watch.go:31] Failed to load config from "/Users/dragan/Documents/credit-castor/dataconnect": could not find dataconnect.yaml in `/Users/dragan/Documents/credit-castor/dataconnect`
 {"metadata":{"emulator":{"name":"dataconnect"},"message":"E1114 14:20:17.992155   40001 watch.go:31] Failed to load config from \"/Users/dragan/Documents/credit-castor/dataconnect\": could not find dataconnect.yaml in `/Users/dragan/Documents/credit-castor/dataconnect`\n"}}
[debug] [2025-11-14T13:20:27.992Z] E1114 14:20:27.991888   40001 watch.go:31] Failed to load config from "/Users/dragan/Documents/credit-castor/dataconnect": could not find dataconnect.yaml in `/Users/dragan/Documents/credit-castor/dataconnect`
E1114 14:20:27.991936   40001 watch.go:102] watchAllDir unable to walk dir `/Users/dragan/Documents/credit-castor/dataconnect`: lstat /Users/dragan/Documents/credit-castor/dataconnect: no such file or directory
 {"metadata":{"emulator":{"name":"dataconnect"},"message":"E1114 14:20:27.991888   40001 watch.go:31] Failed to load config from \"/Users/dragan/Documents/credit-castor/dataconnect\": could not find dataconnect.yaml in `/Users/dragan/Documents/credit-castor/dataconnect`\nE1114 14:20:27.991936   40001 watch.go:102] watchAllDir unable to walk dir `/Users/dragan/Documents/credit-castor/dataconnect`: lstat /Users/dragan/Documents/credit-castor/dataconnect: no such file or directory\n"}}
[debug] [2025-11-14T13:20:37.992Z] E1114 14:20:37.992330   40001 watch.go:31] Failed to load config from "/Users/dragan/Documents/credit-castor/dataconnect": could not find dataconnect.yaml in `/Users/dragan/Documents/credit-castor/dataconnect`
 {"metadata":{"emulator":{"name":"dataconnect"},"message":"E1114 14:20:37.992330   40001 watch.go:31] Failed to load config from \"/Users/dragan/Documents/credit-castor/dataconnect\": could not find dataconnect.yaml in `/Users/dragan/Documents/credit-castor/dataconnect`\n"}}
[debug] [2025-11-14T13:20:47.992Z] E1114 14:20:47.992473   40001 watch.go:31] Failed to load config from "/Users/dragan/Documents/credit-castor/dataconnect": could not find dataconnect.yaml in `/Users/dragan/Documents/credit-castor/dataconnect`
 {"metadata":{"emulator":{"name":"dataconnect"},"message":"E1114 14:20:47.992473   40001 watch.go:31] Failed to load config from \"/Users/dragan/Documents/credit-castor/dataconnect\": could not find dataconnect.yaml in `/Users/dragan/Documents/credit-castor/dataconnect`\n"}}
[debug] [2025-11-14T13:20:57.991Z] E1114 14:20:57.991576   40001 watch.go:31] Failed to load config from "/Users/dragan/Documents/credit-castor/dataconnect": could not find dataconnect.yaml in `/Users/dragan/Documents/credit-castor/dataconnect`
 {"metadata":{"emulator":{"name":"dataconnect"},"message":"E1114 14:20:57.991576   40001 watch.go:31] Failed to load config from \"/Users/dragan/Documents/credit-castor/dataconnect\": could not find dataconnect.yaml in `/Users/dragan/Documents/credit-castor/dataconnect`\n"}}
[debug] [2025-11-14T13:21:07.992Z] E1114 14:21:07.992550   40001 watch.go:31] Failed to load config from "/Users/dragan/Documents/credit-castor/dataconnect": could not find dataconnect.yaml in `/Users/dragan/Documents/credit-castor/dataconnect`
 {"metadata":{"emulator":{"name":"dataconnect"},"message":"E1114 14:21:07.992550   40001 watch.go:31] Failed to load config from \"/Users/dragan/Documents/credit-castor/dataconnect\": could not find dataconnect.yaml in `/Users/dragan/Documents/credit-castor/dataconnect`\n"}}
[debug] [2025-11-14T13:21:17.992Z] E1114 14:21:17.992705   40001 watch.go:31] Failed to load config from "/Users/dragan/Documents/credit-castor/dataconnect": could not find dataconnect.yaml in `/Users/dragan/Documents/credit-castor/dataconnect`
 {"metadata":{"emulator":{"name":"dataconnect"},"message":"E1114 14:21:17.992705   40001 watch.go:31] Failed to load config from \"/Users/dragan/Documents/credit-castor/dataconnect\": could not find dataconnect.yaml in `/Users/dragan/Documents/credit-castor/dataconnect`\n"}}
[debug] [2025-11-14T13:21:27.992Z] E1114 14:21:27.992399   40001 watch.go:31] Failed to load config from "/Users/dragan/Documents/credit-castor/dataconnect": could not find dataconnect.yaml in `/Users/dragan/Documents/credit-castor/dataconnect`
 {"metadata":{"emulator":{"name":"dataconnect"},"message":"E1114 14:21:27.992399   40001 watch.go:31] Failed to load config from \"/Users/dragan/Documents/credit-castor/dataconnect\": could not find dataconnect.yaml in `/Users/dragan/Documents/credit-castor/dataconnect`\n"}}
[debug] [2025-11-14T13:21:37.992Z] E1114 14:21:37.992499   40001 watch.go:31] Failed to load config from "/Users/dragan/Documents/credit-castor/dataconnect": could not find dataconnect.yaml in `/Users/dragan/Documents/credit-castor/dataconnect`
 {"metadata":{"emulator":{"name":"dataconnect"},"message":"E1114 14:21:37.992499   40001 watch.go:31] Failed to load config from \"/Users/dragan/Documents/credit-castor/dataconnect\": could not find dataconnect.yaml in `/Users/dragan/Documents/credit-castor/dataconnect`\n"}}
[debug] [2025-11-14T13:21:47.993Z] E1114 14:21:47.993005   40001 watch.go:31] Failed to load config from "/Users/dragan/Documents/credit-castor/dataconnect": could not find dataconnect.yaml in `/Users/dragan/Documents/credit-castor/dataconnect`
 {"metadata":{"emulator":{"name":"dataconnect"},"message":"E1114 14:21:47.993005   40001 watch.go:31] Failed to load config from \"/Users/dragan/Documents/credit-castor/dataconnect\": could not find dataconnect.yaml in `/Users/dragan/Documents/credit-castor/dataconnect`\n"}}
[debug] [2025-11-14T13:21:57.992Z] E1114 14:21:57.992638   40001 watch.go:31] Failed to load config from "/Users/dragan/Documents/credit-castor/dataconnect": could not find dataconnect.yaml in `/Users/dragan/Documents/credit-castor/dataconnect`
 {"metadata":{"emulator":{"name":"dataconnect"},"message":"E1114 14:21:57.992638   40001 watch.go:31] Failed to load config from \"/Users/dragan/Documents/credit-castor/dataconnect\": could not find dataconnect.yaml in `/Users/dragan/Documents/credit-castor/dataconnect`\n"}}
[debug] [2025-11-14T13:22:07.993Z] E1114 14:22:07.993190   40001 watch.go:31] Failed to load config from "/Users/dragan/Documents/credit-castor/dataconnect": could not find dataconnect.yaml in `/Users/dragan/Documents/credit-castor/dataconnect`
 {"metadata":{"emulator":{"name":"dataconnect"},"message":"E1114 14:22:07.993190   40001 watch.go:31] Failed to load config from \"/Users/dragan/Documents/credit-castor/dataconnect\": could not find dataconnect.yaml in `/Users/dragan/Documents/credit-castor/dataconnect`\n"}}
[debug] [2025-11-14T13:22:17.993Z] E1114 14:22:17.993410   40001 watch.go:31] Failed to load config from "/Users/dragan/Documents/credit-castor/dataconnect": could not find dataconnect.yaml in `/Users/dragan/Documents/credit-castor/dataconnect`
 {"metadata":{"emulator":{"name":"dataconnect"},"message":"E1114 14:22:17.993410   40001 watch.go:31] Failed to load config from \"/Users/dragan/Documents/credit-castor/dataconnect\": could not find dataconnect.yaml in `/Users/dragan/Documents/credit-castor/dataconnect`\n"}}
[debug] [2025-11-14T13:22:28.015Z] E1114 14:22:27.992613   40001 watch.go:31] Failed to load config from "/Users/dragan/Documents/credit-castor/dataconnect": could not find dataconnect.yaml in `/Users/dragan/Documents/credit-castor/dataconnect`
E1114 14:22:27.992629   40001 watch.go:102] watchAllDir unable to walk dir `/Users/dragan/Documents/credit-castor/dataconnect`: lstat /Users/dragan/Documents/credit-castor/dataconnect: no such file or directory
 {"metadata":{"emulator":{"name":"dataconnect"},"message":"E1114 14:22:27.992613   40001 watch.go:31] Failed to load config from \"/Users/dragan/Documents/credit-castor/dataconnect\": could not find dataconnect.yaml in `/Users/dragan/Documents/credit-castor/dataconnect`\nE1114 14:22:27.992629   40001 watch.go:102] watchAllDir unable to walk dir `/Users/dragan/Documents/credit-castor/dataconnect`: lstat /Users/dragan/Documents/credit-castor/dataconnect: no such file or directory\n"}}
[debug] [2025-11-14T13:22:37.993Z] E1114 14:22:37.993368   40001 watch.go:31] Failed to load config from "/Users/dragan/Documents/credit-castor/dataconnect": could not find dataconnect.yaml in `/Users/dragan/Documents/credit-castor/dataconnect`
 {"metadata":{"emulator":{"name":"dataconnect"},"message":"E1114 14:22:37.993368   40001 watch.go:31] Failed to load config from \"/Users/dragan/Documents/credit-castor/dataconnect\": could not find dataconnect.yaml in `/Users/dragan/Documents/credit-castor/dataconnect`\n"}}
[debug] [2025-11-14T13:22:47.993Z] E1114 14:22:47.993603   40001 watch.go:31] Failed to load config from "/Users/dragan/Documents/credit-castor/dataconnect": could not find dataconnect.yaml in `/Users/dragan/Documents/credit-castor/dataconnect`
 {"metadata":{"emulator":{"name":"dataconnect"},"message":"E1114 14:22:47.993603   40001 watch.go:31] Failed to load config from \"/Users/dragan/Documents/credit-castor/dataconnect\": could not find dataconnect.yaml in `/Users/dragan/Documents/credit-castor/dataconnect`\n"}}
[debug] [2025-11-14T13:22:57.995Z] E1114 14:22:57.993319   40001 watch.go:31] Failed to load config from "/Users/dragan/Documents/credit-castor/dataconnect": could not find dataconnect.yaml in `/Users/dragan/Documents/credit-castor/dataconnect`
 {"metadata":{"emulator":{"name":"dataconnect"},"message":"E1114 14:22:57.993319   40001 watch.go:31] Failed to load config from \"/Users/dragan/Documents/credit-castor/dataconnect\": could not find dataconnect.yaml in `/Users/dragan/Documents/credit-castor/dataconnect`\n"}}
[debug] [2025-11-14T13:23:07.993Z] E1114 14:23:07.993700   40001 watch.go:31] Failed to load config from "/Users/dragan/Documents/credit-castor/dataconnect": could not find dataconnect.yaml in `/Users/dragan/Documents/credit-castor/dataconnect`
 {"metadata":{"emulator":{"name":"dataconnect"},"message":"E1114 14:23:07.993700   40001 watch.go:31] Failed to load config from \"/Users/dragan/Documents/credit-castor/dataconnect\": could not find dataconnect.yaml in `/Users/dragan/Documents/credit-castor/dataconnect`\n"}}
